F:\FLIGHTGEAR0.5\FGRUN-RELEASE-3.4.0-BUILD\SRC\CMAKEFILES\GENERATE.STAMP
F:\FLIGHTGEAR0.5\FGRUN-RELEASE-3.4.0-BUILD\SRC\FGRUN.DIR\RELEASE\ADVANCED_FUNCS.OBJ
F:\FLIGHTGEAR0.5\FGRUN-RELEASE-3.4.0-BUILD\SRC\FGRUN.DIR\RELEASE\AIRPORTBROWSER.OBJ
F:\FLIGHTGEAR0.5\FGRUN-RELEASE-3.4.0-BUILD\SRC\FGRUN.DIR\RELEASE\AIRPORTTABLE.OBJ
F:\FlightGear0.5\fgrun-release-3.4.0-build\src\fgrun.dir\Release\cl.command.1.tlog
F:\FlightGear0.5\fgrun-release-3.4.0-build\src\fgrun.dir\Release\CL.read.1.tlog
F:\FlightGear0.5\fgrun-release-3.4.0-build\src\fgrun.dir\Release\CL.write.1.tlog
F:\FlightGear0.5\fgrun-release-3.4.0-build\src\fgrun.dir\Release\custombuild.command.1.tlog
F:\FlightGear0.5\fgrun-release-3.4.0-build\src\fgrun.dir\Release\custombuild.read.1.tlog
F:\FlightGear0.5\fgrun-release-3.4.0-build\src\fgrun.dir\Release\custombuild.write.1.tlog
F:\FLIGHTGEAR0.5\FGRUN-RELEASE-3.4.0-BUILD\SRC\FGRUN.DIR\RELEASE\FGFSRC.OBJ
F:\FLIGHTGEAR0.5\FGRUN-RELEASE-3.4.0-BUILD\SRC\FGRUN.DIR\RELEASE\FGRUN.RES
F:\FlightGear0.5\fgrun-release-3.4.0-build\src\fgrun.dir\Release\fgrun.write.1.tlog
F:\FLIGHTGEAR0.5\FGRUN-RELEASE-3.4.0-BUILD\SRC\FGRUN.DIR\RELEASE\FL_HEADING_DIAL.OBJ
F:\FLIGHTGEAR0.5\FGRUN-RELEASE-3.4.0-BUILD\SRC\FGRUN.DIR\RELEASE\FL_OSG.OBJ
F:\FLIGHTGEAR0.5\FGRUN-RELEASE-3.4.0-BUILD\SRC\FGRUN.DIR\RELEASE\FL_TABLE.OBJ
F:\FLIGHTGEAR0.5\FGRUN-RELEASE-3.4.0-BUILD\SRC\FGRUN.DIR\RELEASE\FL_TABLE_ROW.OBJ
F:\FLIGHTGEAR0.5\FGRUN-RELEASE-3.4.0-BUILD\SRC\FGRUN.DIR\RELEASE\IO.OBJ
F:\FlightGear0.5\fgrun-release-3.4.0-build\src\fgrun.dir\Release\link.command.1.tlog
F:\FlightGear0.5\fgrun-release-3.4.0-build\src\fgrun.dir\Release\link.read.1.tlog
F:\FlightGear0.5\fgrun-release-3.4.0-build\src\fgrun.dir\Release\link.write.1.tlog
F:\FLIGHTGEAR0.5\FGRUN-RELEASE-3.4.0-BUILD\SRC\FGRUN.DIR\RELEASE\LOGWIN.OBJ
F:\FLIGHTGEAR0.5\FGRUN-RELEASE-3.4.0-BUILD\SRC\FGRUN.DIR\RELEASE\MAIN.OBJ
F:\FLIGHTGEAR0.5\FGRUN-RELEASE-3.4.0-BUILD\SRC\FGRUN.DIR\RELEASE\PARKINGLOADER.OBJ
F:\FlightGear0.5\fgrun-release-3.4.0-build\src\fgrun.dir\Release\rc.command.1.tlog
F:\FlightGear0.5\fgrun-release-3.4.0-build\src\fgrun.dir\Release\rc.read.1.tlog
F:\FlightGear0.5\fgrun-release-3.4.0-build\src\fgrun.dir\Release\rc.write.1.tlog
F:\FLIGHTGEAR0.5\FGRUN-RELEASE-3.4.0-BUILD\SRC\FGRUN.DIR\RELEASE\RUN_WIN32.OBJ
F:\FLIGHTGEAR0.5\FGRUN-RELEASE-3.4.0-BUILD\SRC\FGRUN.DIR\RELEASE\SETTINGS.OBJ
F:\FLIGHTGEAR0.5\FGRUN-RELEASE-3.4.0-BUILD\SRC\FGRUN.DIR\RELEASE\UTIL.OBJ
F:\FLIGHTGEAR0.5\FGRUN-RELEASE-3.4.0-BUILD\SRC\FGRUN.DIR\RELEASE\WIZARD_FUNCS.OBJ
